TYPE 1 TO SKIP PRELIM SCAN
1                                                                               
TYPE 1 TO INCR STATISTICS
1                                                                               
TYPE 1 FOR MULT CALIBRTIONS(LAMPROX IGNORED) ELSE TYPE 0
0                                                                               
WHAT POWDER? (0-CU,1-AL2O3,2-SI FILTERED,3-SI WITH 2 LAMDA,4-INPUT DS)-I1
1                                                                               
TYPE LAMPROX
2.                                                                              
TYPE 2THEMAX,ZERO CORRECTION
100.5304260                                                                     
TYPE COLLIMATIONS 1,2,3,MONO.MOSAIC(ALL MIN.),DMONO
 TYPE IN NO. OF COUNTS ABOVE BKGD DESIRED IN PEAKS
TYPE 1 TO SKIP PRELIM SCAN
1                                                                               
TYPE 1 TO INCR STATISTICS
0                                                                               
TYPE 1 FOR MULT CALIBRTIONS(LAMPROX IGNORED) ELSE TYPE 0
0                                                                               
WHAT POWDER? (0-CU,1-AL2O3,2-SI FILTERED,3-SI WITH 2 LAMDA,4-INPUT DS)-I1
1                                                                               
TYPE LAMPROX
2.                                                                              
TYPE 2THEMAX,ZERO CORRECTION
100.5304260                                                                     
ENTER SCALE FACTOR(1 = 5 SEC/POINT FIRST PEAK)
2                                                                               
TYPE COLLIMATIONS 1,2,3,MONO.MOSAIC(ALL MIN.),DMONO
 HKL TWOTHETA                                                                   
  12   39.627                                                                   
 104   55.086                                                                   
 113   68.893                                                                   
  24   85.363                                                                   
 116   94.884                                                                   
 NO. OF PEAKS IN 2TH RANGE=5                                                    
 EST.TIME FOR RUN =      9.97 MIN.                                              
 TWOTHETA    COUNTS --- SCANNING  12 PEAK     10.0 SEC/PT                       
   38.584      270.                                                             
   38.758      357.                                                             
   38.932      495.                                                             
   39.106      929.                                                             
   39.279     1393.                                                             
   39.453     2034.                                                             
   39.627     2435.                                                             
   39.801     2321.                                                             
   39.975     1778.                                                             
   40.148     1191.                                                             
   40.322      710.                                                             
   40.496      418.                                                             
   40.670      290.                                                             
 TWOTHETA    COUNTS  SMCOUNTS                                                   
   38.584      270.      270.                                                   
   38.758      357.      374.                                                   
   38.932      495.      594.                                                   
   39.106      929.      939.                                                   
   39.279     1393.     1452.                                                   
   39.453     2034.     1954.                                                   
   39.627     2435.     2263.                                                   
   39.801     2321.     2178.                                                   
   39.975     1778.     1763.                                                   
   40.148     1191.     1226.                                                   
   40.322      710.      773.                                                   
   40.496      418.      473.                                                   
   40.670      290.      290.                                                   
                                                                                
 MIN MAX 2THETALO 2THETAHI                                                      
   1   1   39.217   40.135                                                      
                                                                                
 TWOTHETA    COUNTS --- SCANNING 104 PEAK     12.0 SEC/PT                       
   53.706      407.                                                             
   53.936      401.                                                             
   54.166      543.                                                             
   54.396      811.                                                             
   54.626     1293.                                                             
   54.856     1837.                                                             
   55.086     2185.                                                             
   55.317     2005.                                                             
   55.547     1533.                                                             
   55.777      947.                                                             
   56.007      499.                                                             
   56.237      397.                                                             
   56.467      330.                                                             
 TWOTHETA    COUNTS  SMCOUNTS                                                   
   53.706      407.      407.                                                   
   53.936      401.      450.                                                   
   54.166      543.      585.                                                   
   54.396      811.      882.                                                   
   54.626     1293.     1314.                                                   
   54.856     1837.     1772.                                                   
   55.086     2185.     2009.                                                   
   55.317     2005.     1908.                                                   
   55.547     1533.     1495.                                                   
   55.777      947.      993.                                                   
   56.007      499.      614.                                                   
   56.237      397.      409.                                                   
   56.467      330.      330.                                                   
                                                                                
 MIN MAX 2THETALO 2THETAHI                                                      
   1   1   54.549   55.696                                                      
                                                                                
 TWOTHETA    COUNTS --- SCANNING 113 PEAK     12.0 SEC/PT                       
   67.074      861.                                                             
   67.377      777.                                                             
   67.680     1996.                                                             
   67.983     4931.                                                             
   68.287    10322.                                                             
   68.590    17117.                                                             
   68.893    22169.                                                             
   69.196    20340.                                                             
   69.500    12611.                                                             
   69.803     5031.                                                             
   70.106     1343.                                                             
   70.410      458.                                                             
   70.713      362.                                                             
 TWOTHETA    COUNTS  SMCOUNTS                                                   
   67.074      861.      861.                                                   
   67.377      777.     1211.                                                   
   67.680     1996.     2568.                                                   
   67.983     4931.     5750.                                                   
   68.287    10322.    10790.                                                   
   68.590    17117.    16536.                                                   
   68.893    22169.    19875.                                                   
   69.196    20340.    18373.                                                   
   69.500    12611.    12661.                                                   
   69.803     5031.     6328.                                                   
   70.106     1343.     2277.                                                   
   70.410      458.      721.                                                   
   70.713      362.      362.                                                   
                                                                                
 MIN MAX 2THETALO 2THETAHI                                                      
   1   1   68.246   69.621                                                      
                                                                                
 TWOTHETA    COUNTS --- SCANNING  24 PEAK     14.0 SEC/PT                       
   82.845      439.                                                             
   83.265      461.                                                             
   83.684      580.                                                             
   84.104     1006.                                                             
   84.523     1623.                                                             
   84.943     2511.                                                             
   85.363     3181.                                                             
   85.782     3000.                                                             
   86.202     1749.                                                             
   86.621      799.                                                             
   87.041      431.                                                             
   87.461      442.                                                             
   87.880      427.                                                             
 TWOTHETA    COUNTS  SMCOUNTS                                                   
   82.845      439.      439.                                                   
   83.265      461.      493.                                                   
   83.684      580.      682.                                                   
   84.104     1006.     1070.                                                   
   84.523     1623.     1713.                                                   
   84.943     2511.     2438.                                                   
   85.363     3181.     2897.                                                   
   85.782     3000.     2643.                                                   
   86.202     1749.     1849.                                                   
   86.621      799.      993.                                                   
   87.041      431.      557.                                                   
   87.461      442.      433.                                                   
   87.880      427.      427.                                                   
                                                                                
 MIN MAX 2THETALO 2THETAHI                                                      
   1   1   84.490   86.294                                                      
                                                                                
 TWOTHETA    COUNTS --- SCANNING 116 PEAK     14.0 SEC/PT                       
   91.852      492.                                                             
   92.357      632.                                                             
   92.863     1297.                                                             
   93.368     2989.                                                             
   93.873     5921.                                                             
   94.379     9783.                                                             
   94.884    12756.                                                             
   95.389    11842.                                                             
   95.895     6347.                                                             
   96.400     1663.                                                             
   96.906      568.                                                             
   97.411      528.                                                             
   97.916      646.                                                             
 TWOTHETA    COUNTS  SMCOUNTS                                                   
   91.852      492.      492.                                                   
   92.357      632.      807.                                                   
   92.863     1297.     1639.                                                   
   93.368     2989.     3402.                                                   
   93.873     5921.     6231.                                                   
   94.379     9783.     9487.                                                   
   94.884    12756.    11460.                                                   
   95.389    11842.    10315.                                                   
   95.895     6347.     6617.                                                   
   96.400     1663.     2859.                                                   
   96.906      568.      920.                                                   
   97.411      528.      581.                                                   
   97.916      646.      646.                                                   
                                                                                
 MIN MAX 2THETALO 2THETAHI                                                      
   1   1   93.828   95.981                                                      
                                                                                
H K L                12    104    113     24    116                             
DSPACINGS          3.4800 2.5509 2.0854 1.7400 1.6014 AU                        
PEAK HEIGHTS ARE    1132.   837.  8281.  1035.  4093. COUNTS/5SEC               
PEAK 2THETA@S ARE  39.676 55.123 68.934 85.392 94.904 DEG                       
CALC 2THETA@S ARE  39.674 55.128 68.929 85.391 94.906 DEG                       
LAMDA AU       =   2.3584+-   0.00011                                           
2THETA ZERO CORR-ADD TO CALC=  0.0599+-0.7832E-02DEG                            
